<?xml version="1.0" encoding="utf-8"?><testsuites name="pytest tests"><testsuite name="pytest" errors="0" failures="0" skipped="0" tests="25" time="8.639" timestamp="2026-06-23T16:58:46.370260+00:00" hostname="agent-env-7053dae4-c6e2-4356-b14f-7a692a74222d"><testcase classname="backend.tests.backend_test.TestHealth" name="test_health_ok" time="0.319" /><testcase classname="backend.tests.backend_test.TestDeprecatedEndpoints" name="test_old_endpoints_gone[approve_phase_a]" time="0.067" /><testcase classname="backend.tests.backend_test.TestDeprecatedEndpoints" name="test_old_endpoints_gone[approve_phase_b]" time="0.061" /><testcase classname="backend.tests.backend_test.TestDeprecatedEndpoints" name="test_old_endpoints_gone[regenerate_phase_a]" time="0.061" /><testcase classname="backend.tests.backend_test.TestDeprecatedEndpoints" name="test_old_endpoints_gone[regenerate_phase_b]" time="0.052" /><testcase classname="backend.tests.backend_test.TestDeprecatedEndpoints" name="test_old_endpoints_gone[phase_b]" time="0.064" /><testcase classname="backend.tests.backend_test.TestCreateRun" name="test_create_starts_in_research" time="0.125" /><testcase classname="backend.tests.backend_test.TestExports" name="test_export_pdf_scopes[research-research_report_]" time="0.196" /><testcase classname="backend.tests.backend_test.TestExports" name="test_export_pdf_scopes[strategy-gtm_strategy_]" time="0.127" /><testcase classname="backend.tests.backend_test.TestExports" name="test_export_pdf_scopes[combined-research_plus_strategy_]" time="0.114" /><testcase classname="backend.tests.backend_test.TestExports" name="test_export_docx_scopes[research-research_report_]" time="0.201" /><testcase classname="backend.tests.backend_test.TestExports" name="test_export_docx_scopes[strategy-gtm_strategy_]" time="0.203" /><testcase classname="backend.tests.backend_test.TestExports" name="test_export_docx_scopes[combined-research_plus_strategy_]" time="0.244" /><testcase classname="backend.tests.backend_test.TestExports" name="test_export_pptx_strategy_deck" time="0.132" /><testcase classname="backend.tests.backend_test.TestExports" name="test_export_zip_bundles_all" time="0.791" /><testcase classname="backend.tests.backend_test.TestFileDownload" name="test_download_pdf_at_root" time="0.171" /><testcase classname="backend.tests.backend_test.TestFileDownload" name="test_download_from_subdir" time="0.850" /><testcase classname="backend.tests.backend_test.TestExportValidation" name="test_bad_format" time="0.057" /><testcase classname="backend.tests.backend_test.TestExportValidation" name="test_bad_scope" time="0.060" /><testcase classname="backend.tests.backend_test.TestExportValidation" name="test_strategy_export_without_strategy" time="0.180" /><testcase classname="backend.tests.backend_test.TestChat" name="test_chat_scopes_return_text[research]" time="2.148" /><testcase classname="backend.tests.backend_test.TestChat" name="test_chat_scopes_return_text[strategy]" time="0.925" /><testcase classname="backend.tests.backend_test.TestChat" name="test_chat_scopes_return_text[content]" time="1.291" /><testcase classname="backend.tests.backend_test.TestNegative" name="test_get_unknown_run_404" time="0.059" /><testcase classname="backend.tests.backend_test.TestNegative" name="test_create_run_validation" time="0.054" /></testsuite></testsuites>