<?xml version="1.0" encoding="utf-8"?><testsuites name="pytest tests"><testsuite name="pytest" errors="0" failures="0" skipped="0" tests="9" time="144.577" timestamp="2026-06-23T15:26:46.328642+00:00" hostname="agent-env-7053dae4-c6e2-4356-b14f-7a692a74222d"><testcase classname="backend.tests.backend_test.TestHealth" name="test_health_ok" time="0.189" /><testcase classname="backend.tests.backend_test.TestListRuns" name="test_list_runs_returns_array" time="0.051" /><testcase classname="backend.tests.backend_test.TestRunLifecycle" name="test_create_run" time="0.061" /><testcase classname="backend.tests.backend_test.TestRunLifecycle" name="test_get_run_persisted" time="0.050" /><testcase classname="backend.tests.backend_test.TestRunLifecycle" name="test_poll_for_awaiting_research" time="141.516" /><testcase classname="backend.tests.backend_test.TestRunLifecycle" name="test_chat_research_scope" time="2.491" /><testcase classname="backend.tests.backend_test.TestRunLifecycle" name="test_cleanup_delete_run" time="0.093" /><testcase classname="backend.tests.backend_test.TestNegative" name="test_get_unknown_run_404" time="0.047" /><testcase classname="backend.tests.backend_test.TestNegative" name="test_create_run_validation" time="0.047" /></testsuite></testsuites>